<?xml version="1.0" encoding="UTF-8"?>
<!-- Generated by org.testng.reporters.JUnitReportReporter -->
<testsuite skipped="0" hostname="Acer-PC" name="testCases.Test_Pending_Leave_Request" tests="2" failures="0" timestamp="31 Jan 2022 12:57:43 GMT" time="10.772" errors="0">
  <testcase name="initialLogin" time="10.495" classname="testCases.Test_Pending_Leave_Request"/>
  <testcase name="verifyPendingLeaveRequest" time="0.277" classname="testCases.Test_Pending_Leave_Request"/>
</testsuite> <!-- testCases.Test_Pending_Leave_Request -->
